CRITICAL - 2022-06-17 04:44:51 --> The framework needs the following extension(s) installed and loaded: intl.
#0 D:\belajar\pweb\mvc-ci\system\CodeIgniter.php(219): CodeIgniter\Exceptions\FrameworkException::forMissingExtension('intl')
#1 D:\belajar\pweb\mvc-ci\system\CodeIgniter.php(177): CodeIgniter\CodeIgniter->resolvePlatformExtensions()
#2 D:\belajar\pweb\mvc-ci\system\bootstrap.php(146): CodeIgniter\CodeIgniter->initialize()
#3 D:\belajar\pweb\mvc-ci\spark(45): require('D:\\belajar\\pweb...')
#4 {main}
ERROR - 2022-06-17 06:57:19 --> Error connecting to the database: No connection could be made because the target machine actively refused it.

CRITICAL - 2022-06-17 06:57:19 --> Unable to connect to the database.
Main connection [MySQLi]: No connection could be made because the target machine actively refused it.

#0 D:\belajar\pweb\mvc-ci\system\Database\BaseConnection.php(577): CodeIgniter\Database\BaseConnection->initialize()
#1 D:\belajar\pweb\mvc-ci\system\Database\BaseBuilder.php(1455): CodeIgniter\Database\BaseConnection->query('SELECT *\nFROM `...', Array, false)
#2 D:\belajar\pweb\mvc-ci\system\Model.php(210): CodeIgniter\Database\BaseBuilder->get()
#3 D:\belajar\pweb\mvc-ci\system\BaseModel.php(622): CodeIgniter\Model->doFirst()
#4 D:\belajar\pweb\mvc-ci\vendor\myth\auth\src\Authentication\LocalAuthenticator.php(156): CodeIgniter\BaseModel->first()
#5 D:\belajar\pweb\mvc-ci\vendor\myth\auth\src\Authentication\LocalAuthenticator.php(20): Myth\Auth\Authentication\LocalAuthenticator->validate(Array, true)
#6 D:\belajar\pweb\mvc-ci\vendor\myth\auth\src\Controllers\AuthController.php(88): Myth\Auth\Authentication\LocalAuthenticator->attempt(Array, false)
#7 D:\belajar\pweb\mvc-ci\system\CodeIgniter.php(832): Myth\Auth\Controllers\AuthController->attemptLogin()
#8 D:\belajar\pweb\mvc-ci\system\CodeIgniter.php(419): CodeIgniter\CodeIgniter->runController(Object(Myth\Auth\Controllers\AuthController))
#9 D:\belajar\pweb\mvc-ci\system\CodeIgniter.php(326): CodeIgniter\CodeIgniter->handleRequest(NULL, Object(Config\Cache), false)
#10 D:\belajar\pweb\mvc-ci\public\index.php(37): CodeIgniter\CodeIgniter->run()
#11 D:\belajar\pweb\mvc-ci\system\Commands\Server\rewrite.php(43): require_once('D:\\belajar\\pweb...')
#12 {main}
